
Hello World,toujours vivant !! 

Hello World,toujours vivant !! 

Hello World,toujours vivant !! 

Hello World,toujours vivant !! 

Hello World,toujours vivant !! 

Hello World,toujours vivant !! 

Hello World,toujours vivant !! 

Hello World,toujours vivant !! 
..............................................................................................................................................................................................................................................................................................................................................Impossible de se connecter au serveur Domoticz
Impossible de se connecter au serveur Domoticz
Impossible de se connecter au serveur Domoticz
Impossible de se connecter au serveur Domoticz
Impossible de se connecter au serveur Domoticz
Impossible de se connecter au serveur Domoticz
Impossible de se connecter au serveur Domoticz
Impossible de se connecter au serveur Domoticz
Impossible de se connecter au serveur Domoticz
Impossible de se connecter au serveur Domoticz
Impossible de se connecter au serveur Domoticz
Impossible de se connecter au serveur Domoticz
Impossible de se connecter au serveur Domoticz
Impossible de se connecter au serveur Domoticz
Impossible de se connecter au serveur Domoticz
Impossible de se connecter au serveur Domoticz
Impossible de se connecter au serveur Domoticz
Impossible de se connecter au serveur Domoticz
Impossible de se connecter au serveur Domoticz
Impossible de se connecter au serveur Domoticz
Impossible de se connecter au serveur Domoticz
Impossible de se connecter au serveur Domoticz
Impossible de se connecter au serveur Domoticz
Impossible de se connecter au serveur Domoticz
Impossible de se connecter au serveur Domoticz
Impossible de se connecter au serveur Domoticz
Impossible de se connecter au serveur Domoticz
Impossible de se connecter au serveur Domoticz
Impossible de se connecter au serveur Domoticz
Impossible de se connecter au serveur Domoticz
Impossible de se connecter au serveur Domoticz
Impossible de se connecter au serveur Domoticz
Impossible de se connecter au serveur Domoticz
Impossible de se connecter au serveur Domoticz
Impossible de se connecter au serveur Domoticz
Impossible de se connecter au serveur Domoticz
Impossible de se connecter au serveur Domoticz
Impossible de se connecter au serveur Domoticz
Impossible de se connecter au serveur Domoticz
Impossible de se connecter au serveur Domoticz
Impossible de se connecter au serveur Domoticz
Impossible de se connecter au serveur Domoticz
Impossible de se connecter au serveur Domoticz
Impossible de se connecter au serveur Domoticz
Impossible de se connecter au serveur Domoticz
Impossible de se connecter au serveur Domoticz
Impossible de se connecter au serveur Domoticz
Impossible de se connecter au serveur Domoticz
Impossible de se connecter au serveur Domoticz
Impossible de se connecter au serveur Domoticz
Impossible de se connecter au serveur Domoticz
Impossible de se connecter au serveur Domoticz
Impossible de se connecter au serveur Domoticz
Impossible de se connecter au serveur Domoticz
Impossible de se connecter au serveur Domoticz
Impossible de se connecter au serveur Domoticz
Impossible de se connecter au serveur Domoticz
Impossible de se connecter au serveur Domoticz
Impossible de se connecter au serveur Domoticz
Impossible de se connecter au serveur Domoticz
Impossible de se connecter au serveur Domoticz
Impossible de se connecter au serveur Domoticz
Impossible de se connecter au serveur Domoticz
Impossible de se connecter au serveur Domoticz
Impossible de se connecter au serveur Domoticz
Impossible de se connecter au serveur Domoticz
Impossible de se connecter au serveur Domoticz
Impossible de se connecter au serveur Domoticz
Impossible de se connecter au serveur Domoticz
Impossible de se connecter au serveur Domoticz
Impossible de se connecter au serveur Domoticz
Impossible de se connecter au serveur Domoticz
Impossible de se connecter au serveur Domoticz
Impossible de se connecter au serveur Domoticz
Impossible de se connecter au serveur Domoticz
Impossible de se connecter au serveur Domoticz
Impossible de se connecter au serveur Domoticz
Impossible de se connecter au serveur Domoticz
Impossible de se connecter au serveur Domoticz
Impossible de se connecter au serveur Domoticz
Impossible de se connecter au serveur Domoticz
Impossible de se connecter au serveur Domoticz
Impossible de se connecter au serveur Domoticz
Impossible de se connecter au serveur Domoticz
Impossible de se connecter au serveur Domoticz
Impossible de se connecter au serveur Domoticz
Impossible de se connecter au serveur Domoticz
Impossible de se connecter au serveur Domoticz
Impossible de se connecter au serveur Domoticz
Impossible de se connecter au serveur Domoticz
Impossible de se connecter au serveur Domoticz
Impossible de se connecter au serveur Domoticz
Impossible de se connecter au serveur Domoticz
Impossible de se connecter au serveur Domoticz
Impossible de se connecter au serveur Domoticz
Impossible de se connecter au serveur Domoticz
Impossible de se connecter au serveur Domoticz
Impossible de se connecter au serveur Domoticz
Impossible de se connecter au serveur Domoticz
Impossible de se connecter au serveur Domoticz
Impossible de se connecter au serveur Domoticz
Impossible de se connecter au serveur Domoticz
Impossible de se connecter au serveur Domoticz
Impossible de se connecter au serveur Domoticz
Impossible de se connecter au serveur Domoticz
Impossible de se connecter au serveur Domoticz
Impossible de se connecter au serveur Domoticz
Impossible de se connecter au serveur Domoticz
Pointeur mosq = 839190 

Hello World,toujours vivant !! 

Hello World,toujours vivant !! 

Hello World,toujours vivant !! 

Hello World,toujours vivant !! 

Hello World,toujours vivant !! 

Hello World,toujours vivant !! 

Hello World,toujours vivant !! 

Hello World,toujours vivant !! 
Pointeur mosq = f4a190 

Hello World,toujours vivant !! 

Hello World,toujours vivant !! 

Hello World,toujours vivant !! 

Hello World,toujours vivant !! 

Hello World,toujours vivant !! 

Hello World,toujours vivant !! 

Hello World,toujours vivant !! 

Hello World,toujours vivant !! 
Pointeur mosq = 1a17190 

Hello World,toujours vivant !! 

Hello World,toujours vivant !! 

Hello World,toujours vivant !! 

Hello World,toujours vivant !! 

Hello World,toujours vivant !! 

Hello World,toujours vivant !! 

Hello World,toujours vivant !! 

Hello World,toujours vivant !! 
.............................................................................................................................................................................................................................................................................................................................................................................................................................................................................................................................................................................................Pointeur mosq = 132e190 

Hello World,toujours vivant !! 

Hello World,toujours vivant !! 

Hello World,toujours vivant !! 

Hello World,toujours vivant !! 

Hello World,toujours vivant !! 

Hello World,toujours vivant !! 

Hello World,toujours vivant !! 

Hello World,toujours vivant !! 
....................................................................
Hello World,toujours vivant !! 

Hello World,toujours vivant !! 

Hello World,toujours vivant !! 

Hello World,toujours vivant !! 

Hello World,toujours vivant !! 

Hello World,toujours vivant !! 

Hello World,toujours vivant !! 

Hello World,toujours vivant !! 
....................................................................................................................................................................................................Pointeur mosq = be4190 

Hello World,toujours vivant !! 

Hello World,toujours vivant !! 

Hello World,toujours vivant !! 

Hello World,toujours vivant !! 

Hello World,toujours vivant !! 

Hello World,toujours vivant !! 

Hello World,toujours vivant !! 

Hello World,toujours vivant !! 
...................................................................................................................................